FILE_TYPE=LIBRARY_PARTS;
PRIMITIVE 'EEUFC1J221S','EEUFC1J221S_Capacitor, Polarized Radial Diameter';
  PIN
    '+':
      PIN_NUMBER='(1)';
      NO_LOAD_CHECK=BOTH;
      NO_IO_CHECK=BOTH;
      ALLOW_CONNECT=TRUE;
      PINUSE='UNSPEC';
    '-':
      PIN_NUMBER='(2)';
      NO_LOAD_CHECK=BOTH;
      NO_IO_CHECK=BOTH;
      ALLOW_CONNECT=TRUE;
      PINUSE='UNSPEC';
  END_PIN;
  BODY
    PART_NAME='EEUFC1J221S';
    PHYS_DES_PREFIX='C';
    NO_LOAD_CHECK='TRUE';
    PIN_COUNT='2';
    BODY_NAME='EEUFC1J221S';
    JEDEC_TYPE='CAPPRD500W65D1250H2200';
  END_BODY;
END_PRIMITIVE;
END.
