FILE_TYPE=LIBRARY_PARTS;
PRIMITIVE 'MBR10100_','MBR10100__Transistor Outline, Vertical';
  PIN
    'K':
      PIN_NUMBER='(1)';
      NO_LOAD_CHECK=BOTH;
      NO_IO_CHECK=BOTH;
      ALLOW_CONNECT=TRUE;
      PINUSE='UNSPEC';
    'A':
      PIN_NUMBER='(2)';
      NO_LOAD_CHECK=BOTH;
      NO_IO_CHECK=BOTH;
      ALLOW_CONNECT=TRUE;
      PINUSE='UNSPEC';
  END_PIN;
  BODY
    PART_NAME='MBR10100_';
    PHYS_DES_PREFIX='D';
    NO_LOAD_CHECK='TRUE';
    PIN_COUNT='2';
    BODY_NAME='MBR10100_';
    JEDEC_TYPE='TO490P480X1000X2110-2P';
  END_BODY;
END_PRIMITIVE;
END.
