FILE_TYPE=LIBRARY_PARTS;
PRIMITIVE 'MF25_10R','MF25_10R_Resistors, Axial Diameter Horizontal Mounting';
  PIN
    '1':
      PIN_NUMBER='(1)';
      NO_LOAD_CHECK=BOTH;
      NO_IO_CHECK=BOTH;
      ALLOW_CONNECT=TRUE;
      PINUSE='UNSPEC';
    '2':
      PIN_NUMBER='(2)';
      NO_LOAD_CHECK=BOTH;
      NO_IO_CHECK=BOTH;
      ALLOW_CONNECT=TRUE;
      PINUSE='UNSPEC';
  END_PIN;
  BODY
    PART_NAME='MF25_10R';
    PHYS_DES_PREFIX='R';
    NO_LOAD_CHECK='TRUE';
    PIN_COUNT='2';
    BODY_NAME='MF25_10R';
    JEDEC_TYPE='RESAD1680W59L680D250';
  END_BODY;
END_PRIMITIVE;
END.
